<?xml version="1.0" encoding="UTF-8" ?>
<testsuite errors="0" failures="0" hostname="Sankets-MacBook-Air.local" name="com.pay.PaymentsControllerTests" tests="1" time="0.638" timestamp="2013-10-30T17:27:11">
  <properties />
  <testcase classname="com.pay.PaymentsControllerTests" name="testSomething" time="0.635" />
  <system-out><![CDATA[--Output from testSomething--
]]></system-out>
  <system-err><![CDATA[--Output from testSomething--
]]></system-err>
</testsuite>
